<?xml version="1.0" encoding="UTF-8"?>
<testsuite name="org.brknlimit.pigeonpost.domain.TravelCalculatorTest" tests="3" skipped="0" failures="0" errors="0" timestamp="2026-04-25T18:59:31.023Z" hostname="DESKTOP-GIDDAPS" time="0.001">
  <properties/>
  <testcase name="testHaversineDistance" classname="org.brknlimit.pigeonpost.domain.TravelCalculatorTest" time="0.0"/>
  <testcase name="testCalculateDeliveryTimeNoRest" classname="org.brknlimit.pigeonpost.domain.TravelCalculatorTest" time="0.0"/>
  <testcase name="testCalculateDeliveryTimeWithRest" classname="org.brknlimit.pigeonpost.domain.TravelCalculatorTest" time="0.0"/>
  <system-out><![CDATA[]]></system-out>
  <system-err><![CDATA[]]></system-err>
</testsuite>
